[2020-06-24 08:02:34 : INFO] - 
 
[2020-06-24 08:02:34 : INFO] - Header for logs at time:  Wed, 24 Jun 2020 08:02:34 +0000 on https://starter.garmax.pl 
[2020-06-24 08:02:34 : INFO] - WP: 5.4.2 
[2020-06-24 08:02:34 : INFO] - PHP: 7.2.24 (apache2handler, Linux 23156.v.tld.pl 4.4.186.core2.39 #1 SMP Mon Jul 22 07:13:32 CEST 2019 x86_64) 
[2020-06-24 08:02:34 : INFO] - MySQL: 5.7.28 
[2020-06-24 08:02:34 : INFO] - WPLANG: pl_PL 
[2020-06-24 08:02:34 : INFO] - Server: Apache 
[2020-06-24 08:02:34 : INFO] - Outbound connections: N 
[2020-06-24 08:02:34 : INFO] - safe_mode: 0 
[2020-06-24 08:02:34 : INFO] - max_execution_time: 0 
[2020-06-24 08:02:34 : INFO] - memory_limit: 150M (used: 30.9M | 34M) 
[2020-06-24 08:02:34 : INFO] - multisite: N 
[2020-06-24 08:02:34 : INFO] - openssl: OpenSSL 1.0.2d 9 Jul 2015 
[2020-06-24 08:02:34 : INFO] - A total of 8 tasks of type smush found and will be processed in this iteration 
[2020-06-24 08:02:34 : INFO] - Set semaphore last lock (smush) time to 2020-06-24 08:02:34 
[2020-06-24 08:02:34 : INFO] - Semaphore lock (smush) complete 
[2020-06-24 08:02:34 : INFO] - Processing task with ID : 29, and type 'smush' 
[2020-06-24 08:02:35 : INFO] - Re_Smush_It_Task with attachment ID : 616, autocreated on : October 18, 2019 04:41:39 
[2020-06-24 08:02:36 : INFO] - 95 
[2020-06-24 08:02:36 : INFO] - Task with ID 29 and type (smush) failed with error code http_request_failed - cURL error 60: SSL certificate problem: certificate has expired 
[2020-06-24 08:02:36 : INFO] - Cannot establish connection with reSmush.it webservice. Please try later 
[2020-06-24 08:02:36 : INFO] - Re_Smush_It_Task with attachment ID : 616, autocreated on : October 18, 2019 04:41:39 
[2020-06-24 08:02:36 : INFO] - 95 
[2020-06-24 08:02:37 : INFO] - Task with ID 29 and type (smush) failed with error code http_request_failed - cURL error 60: SSL certificate problem: certificate has expired 
[2020-06-24 08:02:37 : INFO] - Cannot establish connection with reSmush.it webservice. Please try later 
[2020-06-24 08:02:37 : INFO] - Re_Smush_It_Task with attachment ID : 616, autocreated on : October 18, 2019 04:41:39 
[2020-06-24 08:02:37 : INFO] - 95 
[2020-06-24 08:02:37 : INFO] - Task with ID 29 and type (smush) failed with error code http_request_failed - cURL error 60: SSL certificate problem: certificate has expired 
[2020-06-24 08:02:37 : INFO] - Cannot establish connection with reSmush.it webservice. Please try later 
[2020-06-24 08:02:37 : INFO] - Processing task with ID : 30, and type 'smush' 
[2020-06-24 08:02:37 : INFO] - Re_Smush_It_Task with attachment ID : 617, autocreated on : October 18, 2019 04:41:41 
[2020-06-24 08:02:37 : INFO] - 95 
[2020-06-24 08:02:37 : INFO] - Task with ID 30 and type (smush) failed with error code http_request_failed - cURL error 60: SSL certificate problem: certificate has expired 
[2020-06-24 08:02:37 : INFO] - Cannot establish connection with reSmush.it webservice. Please try later 
[2020-06-24 08:02:37 : INFO] - Re_Smush_It_Task with attachment ID : 617, autocreated on : October 18, 2019 04:41:41 
[2020-06-24 08:02:37 : INFO] - 95 
[2020-06-24 08:02:37 : INFO] - Task with ID 30 and type (smush) failed with error code http_request_failed - cURL error 60: SSL certificate problem: certificate has expired 
[2020-06-24 08:02:37 : INFO] - Cannot establish connection with reSmush.it webservice. Please try later 
[2020-06-24 08:02:37 : INFO] - Re_Smush_It_Task with attachment ID : 617, autocreated on : October 18, 2019 04:41:41 
[2020-06-24 08:02:37 : INFO] - 95 
[2020-06-24 08:02:37 : INFO] - Task with ID 30 and type (smush) failed with error code http_request_failed - cURL error 60: SSL certificate problem: certificate has expired 
[2020-06-24 08:02:37 : INFO] - Cannot establish connection with reSmush.it webservice. Please try later 
[2020-06-24 08:02:37 : INFO] - Processing task with ID : 31, and type 'smush' 
[2020-06-24 08:02:38 : INFO] - Re_Smush_It_Task with attachment ID : 618, autocreated on : October 18, 2019 04:41:44 
[2020-06-24 08:02:38 : INFO] - 95 
[2020-06-24 08:02:38 : INFO] - Task with ID 31 and type (smush) failed with error code http_request_failed - cURL error 60: SSL certificate problem: certificate has expired 
[2020-06-24 08:02:38 : INFO] - Cannot establish connection with reSmush.it webservice. Please try later 
[2020-06-24 08:02:38 : INFO] - Re_Smush_It_Task with attachment ID : 618, autocreated on : October 18, 2019 04:41:44 
[2020-06-24 08:02:38 : INFO] - 95 
[2020-06-24 08:02:38 : INFO] - Task with ID 31 and type (smush) failed with error code http_request_failed - cURL error 60: SSL certificate problem: certificate has expired 
[2020-06-24 08:02:38 : INFO] - Cannot establish connection with reSmush.it webservice. Please try later 
[2020-06-24 08:02:38 : INFO] - Re_Smush_It_Task with attachment ID : 618, autocreated on : October 18, 2019 04:41:44 
[2020-06-24 08:02:38 : INFO] - 95 
[2020-06-24 08:02:39 : INFO] - Task with ID 31 and type (smush) failed with error code http_request_failed - cURL error 60: SSL certificate problem: certificate has expired 
[2020-06-24 08:02:39 : INFO] - Cannot establish connection with reSmush.it webservice. Please try later 
[2020-06-24 08:02:39 : INFO] - Processing task with ID : 32, and type 'smush' 
[2020-06-24 08:02:39 : INFO] - Re_Smush_It_Task with attachment ID : 619, autocreated on : October 18, 2019 04:41:46 
[2020-06-24 08:02:39 : INFO] - 95 
[2020-06-24 08:02:39 : INFO] - Task with ID 32 and type (smush) failed with error code http_request_failed - cURL error 60: SSL certificate problem: certificate has expired 
[2020-06-24 08:02:39 : INFO] - Cannot establish connection with reSmush.it webservice. Please try later 
[2020-06-24 08:02:39 : INFO] - Re_Smush_It_Task with attachment ID : 619, autocreated on : October 18, 2019 04:41:46 
[2020-06-24 08:02:39 : INFO] - 95 
[2020-06-24 08:02:39 : INFO] - Task with ID 32 and type (smush) failed with error code http_request_failed - cURL error 60: SSL certificate problem: certificate has expired 
[2020-06-24 08:02:39 : INFO] - Cannot establish connection with reSmush.it webservice. Please try later 
[2020-06-24 08:02:39 : INFO] - Re_Smush_It_Task with attachment ID : 619, autocreated on : October 18, 2019 04:41:46 
[2020-06-24 08:02:39 : INFO] - 95 
[2020-06-24 08:02:39 : INFO] - Task with ID 32 and type (smush) failed with error code http_request_failed - cURL error 60: SSL certificate problem: certificate has expired 
[2020-06-24 08:02:39 : INFO] - Cannot establish connection with reSmush.it webservice. Please try later 
[2020-06-24 08:02:39 : INFO] - Processing task with ID : 33, and type 'smush' 
[2020-06-24 08:02:39 : INFO] - Re_Smush_It_Task with attachment ID : 828, autocreated on : January 11, 2020 02:42:42 
[2020-06-24 08:02:39 : INFO] - 95 
[2020-06-24 08:02:39 : INFO] - Task with ID 33 and type (smush) failed with error code http_request_failed - cURL error 60: SSL certificate problem: certificate has expired 
[2020-06-24 08:02:39 : INFO] - Cannot establish connection with reSmush.it webservice. Please try later 
[2020-06-24 08:02:39 : INFO] - Re_Smush_It_Task with attachment ID : 828, autocreated on : January 11, 2020 02:42:42 
[2020-06-24 08:02:39 : INFO] - 95 
[2020-06-24 08:02:39 : INFO] - Task with ID 33 and type (smush) failed with error code http_request_failed - cURL error 60: SSL certificate problem: certificate has expired 
[2020-06-24 08:02:39 : INFO] - Cannot establish connection with reSmush.it webservice. Please try later 
[2020-06-24 08:02:39 : INFO] - Processing task with ID : 34, and type 'smush' 
[2020-06-24 08:02:39 : INFO] - Task with ID 34 and type (smush) failed with error code invalid_file_path - The linked attachment ID does not have a valid file path 
[2020-06-24 08:02:39 : INFO] - Processing task with ID : 35, and type 'smush' 
[2020-06-24 08:02:40 : INFO] - Re_Smush_It_Task with attachment ID : 931, autocreated on : June 05, 2020 02:04:31 
[2020-06-24 08:02:40 : INFO] - 95 
[2020-06-24 08:02:41 : INFO] - Re_Smush_It_Task with attachment ID : 931, autocreated on : June 05, 2020 02:04:31 
[2020-06-24 08:02:41 : INFO] - 95 
[2020-06-24 08:02:42 : INFO] - Re_Smush_It_Task with attachment ID : 931, autocreated on : June 05, 2020 02:04:31 
[2020-06-24 08:02:42 : INFO] - 95 
[2020-06-24 08:02:42 : INFO] - Successfully optimized the image - /home/users/garmax/public_html/starter.garmax.pl/wp-content/uploads/woocommerce-placeholder.png.The file was compressed from 100.24 KB to 73.05 KB saving 27.12 percent using WP-Optimize 
[2020-06-24 08:02:42 : INFO] - Completed processing task with ID : 35, and type 'smush' 
[2020-06-24 08:02:42 : INFO] - Processing task with ID : 36, and type 'smush' 
[2020-06-24 08:02:42 : INFO] - Task with ID 36 and type (smush) failed with error code invalid_file_path - The linked attachment ID does not have a valid file path 
[2020-06-24 08:02:42 : INFO] - Decremented the semaphore (smush) by 1 
[2020-06-24 08:02:42 : INFO] - Semaphore (smush) unlocked 
[2020-06-24 08:02:42 : INFO] - Successfully processed the queue (smush). 8 tasks were processed out of 8. 
[2020-06-24 08:02:42 : INFO] - Semaphore (smush, wp_options) was successfully cleaned up 
[2020-06-24 08:02:42 : INFO] - Cleaning up tasks of type (smush). A total of 8 tasks will be deleted. 
[2020-06-24 08:19:17 : INFO] - 
 
[2020-06-24 08:19:17 : INFO] - Header for logs at time:  Wed, 24 Jun 2020 08:19:17 +0000 on https://starter.garmax.pl 
[2020-06-24 08:19:17 : INFO] - WP: 5.4.2 
[2020-06-24 08:19:17 : INFO] - PHP: 7.2.24 (apache2handler, Linux 23156.v.tld.pl 4.4.186.core2.39 #1 SMP Mon Jul 22 07:13:32 CEST 2019 x86_64) 
[2020-06-24 08:19:17 : INFO] - MySQL: 5.7.28 
[2020-06-24 08:19:17 : INFO] - WPLANG: pl_PL 
[2020-06-24 08:19:17 : INFO] - Server: Apache 
[2020-06-24 08:19:17 : INFO] - Outbound connections: N 
[2020-06-24 08:19:17 : INFO] - safe_mode: 0 
[2020-06-24 08:19:17 : INFO] - max_execution_time: 30 
[2020-06-24 08:19:17 : INFO] - memory_limit: 256M (used: 83.3M | 86M) 
[2020-06-24 08:19:17 : INFO] - multisite: N 
[2020-06-24 08:19:17 : INFO] - openssl: OpenSSL 1.0.2d 9 Jul 2015 
[2020-06-24 08:19:17 : INFO] - The queue for tasks of type "smush" is empty. Aborting! 
